Arguments: 
  C:\Program Files\nodejs\node.exe C:\Users\luesz\AppData\Roaming\npm\node_modules\yarn\bin\yarn.js add @react-native-firebase/app

PATH: 
  C:\Program Files\ARX-3.9.0\bin;C:\Program Files\BellSoft\LibericaJDK-8\bin\;C:\Program Files\Common Files\Oracle\Java\javapath;C:\Program Files\Eclipse Adoptium\jdk-17.0.4.8-hotspot\bin;C:\Windows\system32;C:\Windows;C:\Windows\System32\Wbem;C:\Windows\System32\WindowsPowerShell\v1.0\;C:\Windows\System32\OpenSSH\;C:\Program Files\Git\cmd;C:\Program Files\NVIDIA Corporation\NVIDIA NvDLISR;C:\WINDOWS\system32;C:\WINDOWS;C:\WINDOWS\System32\Wbem;C:\WINDOWS\System32\WindowsPowerShell\v1.0\;C:\WINDOWS\System32\OpenSSH\;C:\Program Files\Common Files\Autodesk Shared\;C:\Program Files (x86)\Windows Kits\8.1\Windows Performance Toolkit\;C:\Program Files (x86)\HP\IdrsOCR_15.3.1129.0\;C:\ProgramData\chocolatey\bin;C:\Program Files\OpenJDK\openjdk-8u342-b07\bin;C:\Program Files\Docker\Docker\resources\bin;C:\ProgramData\DockerDesktop\version-bin;C:\Program Files\PuTTY\;C:\Users\luesz\AppData\Roaming\nvm;C:\Program Files\nodejs;C:\Users\luesz\AppData\Local\Microsoft\WindowsApps;C:\Users\luesz\AppData\Local\Programs\Microsoft VS Code\bin;C:\Users\luesz\AppData\Local\GitHubDesktop\bin;C:\src\flutter\bin;C:\Users\luesz\AppData\Local\Android\Sdk;C:\Users\luesz\AppData\Local\Android\Sdk\emulator\bin64;C:\Users\luesz\AppData\Local\Android\Sdk\platform-tools;C:\Users\luesz\AppData\Roaming\npm;C:\Users\luesz\AppData\Roaming\nvm;C:\Program Files\nodejs

Yarn version: 
  1.22.19

Node version: 
  12.22.12

Platform: 
  win32 x64

Trace: 
  SyntaxError: C:\Users\luesz\Desktop\Final_project\React-Native-Tabs-Navigation\package.json: Unexpected token } in JSON at position 1035
      at JSON.parse (<anonymous>)
      at C:\Users\luesz\AppData\Roaming\npm\node_modules\yarn\lib\cli.js:1629:59
      at Generator.next (<anonymous>)
      at step (C:\Users\luesz\AppData\Roaming\npm\node_modules\yarn\lib\cli.js:310:30)
      at C:\Users\luesz\AppData\Roaming\npm\node_modules\yarn\lib\cli.js:321:13

npm manifest: 
  {
    "name": "react-native-tab-navigation",
    "version": "1.0.0",
    "main": "node_modules/expo/AppEntry.js",
    "scripts": {
      
      "start": "expo start",
      "android": "expo start --android",
      "ios": "expo start --ios",
      "web": "expo start --web",
      "eject": "expo eject"
    },
    "dependencies": {
      "@react-native-community/masked-view": "^0.1.11",
      "@react-navigation/bottom-tabs": "^6.0.9",
      "@react-navigation/native": "^6.0.6",
      "axios": "^0.27.2",
      "expo": "^46.0.10",
      "expo-status-bar": "~1.4.0",
      "react": "18.0.0",
      "react-dom": "18.0.0",
      "react-native": "0.69.6",
      "react-native-gesture-handler": "~2.5.0",
      "react-native-paper": "^4.10.1",
      "react-native-reanimated": "~2.9.1",
      "react-native-safe-area-context": "4.3.1",
      "react-native-screens": "~3.15.0",
      "react-native-vector-icons": "^9.0.0",
      "react-native-web": "~0.18.7",
      "react-navigation": "^4.4.4",
      "react-navigation-material-bottom-tabs": "^2.3.4",
      "react-navigation-tabs": "^2.11.1",
      
    },
    "devDependencies": {
      "@babel/core": "^7.12.9"
      
    },
    "private": true
  }

yarn manifest: 
  No manifest

Lockfile: 
  No lockfile
